[00:23:50] [Server thread/INFO]: Starting minecraft server version 1.11.2
[00:23:50] [Server thread/WARN]: To start the server with more ram, launch it as "java -Xmx1024M -Xms1024M -jar minecraft_server.jar"
[00:24:22] [Server thread/INFO]: Loading properties
[00:24:23] [Server thread/INFO]: Default game type: SURVIVAL
[00:24:23] [Server thread/INFO]: Generating keypair
[00:24:23] [Server thread/INFO]: Starting Minecraft server on *:25565
[00:24:23] [Server thread/INFO]: Using default channel type
[00:24:25] [Server thread/INFO]: Preparing level "world"
[00:24:31] [Server thread/INFO]: Preparing start region for level 0 (world)
[00:24:32] [Server thread/INFO]: Preparing spawn area: 3%
[00:24:34] [Server thread/INFO]: Preparing spawn area: 4%
[00:24:36] [Server thread/INFO]: Preparing spawn area: 6%
[00:24:37] [Server thread/INFO]: Preparing spawn area: 8%
[00:24:38] [Server thread/INFO]: Preparing spawn area: 8%
[00:24:39] [Server thread/INFO]: Preparing spawn area: 9%
[00:24:40] [Server thread/INFO]: Preparing spawn area: 10%
[00:24:41] [Server thread/INFO]: Preparing spawn area: 11%
[00:24:42] [Server thread/INFO]: Preparing spawn area: 12%
[00:24:44] [Server thread/INFO]: Preparing spawn area: 12%
[00:24:45] [Server thread/INFO]: Preparing spawn area: 13%
[00:24:46] [Server thread/INFO]: Preparing spawn area: 13%
[00:24:47] [Server thread/INFO]: Preparing spawn area: 14%
[00:24:48] [Server thread/INFO]: Preparing spawn area: 15%
[00:24:50] [Server thread/INFO]: Preparing spawn area: 16%
[00:24:51] [Server thread/INFO]: Preparing spawn area: 17%
[00:24:52] [Server thread/INFO]: Preparing spawn area: 17%
[00:24:53] [Server thread/INFO]: Preparing spawn area: 18%
[00:24:55] [Server thread/INFO]: Preparing spawn area: 19%
[00:24:56] [Server thread/INFO]: Preparing spawn area: 20%
[00:24:57] [Server thread/INFO]: Preparing spawn area: 21%
[00:24:58] [Server thread/INFO]: Preparing spawn area: 21%
[00:25:00] [Server thread/INFO]: Preparing spawn area: 22%
[00:25:01] [Server thread/INFO]: Preparing spawn area: 23%
[00:25:02] [Server thread/INFO]: Preparing spawn area: 23%
[00:25:04] [Server thread/INFO]: Preparing spawn area: 24%
[00:25:05] [Server thread/INFO]: Preparing spawn area: 25%
[00:25:06] [Server thread/INFO]: Preparing spawn area: 26%
[00:25:08] [Server thread/INFO]: Preparing spawn area: 26%
[00:25:09] [Server thread/INFO]: Preparing spawn area: 27%
[00:25:10] [Server thread/INFO]: Preparing spawn area: 27%
[00:25:12] [Server thread/INFO]: Preparing spawn area: 28%
[00:25:14] [Server thread/INFO]: Preparing spawn area: 29%
[00:25:15] [Server thread/INFO]: Preparing spawn area: 29%
[00:25:16] [Server thread/INFO]: Preparing spawn area: 30%
[00:25:17] [Server thread/INFO]: Preparing spawn area: 30%
[00:25:19] [Server thread/INFO]: Preparing spawn area: 31%
[00:25:20] [Server thread/INFO]: Preparing spawn area: 32%
[00:25:21] [Server thread/INFO]: Preparing spawn area: 33%
[00:25:23] [Server thread/INFO]: Preparing spawn area: 33%
[00:25:24] [Server thread/INFO]: Preparing spawn area: 33%
[00:25:26] [Server thread/INFO]: Preparing spawn area: 34%
[00:25:27] [Server thread/INFO]: Preparing spawn area: 35%
[00:25:28] [Server thread/INFO]: Preparing spawn area: 35%
[00:25:29] [Server thread/INFO]: Preparing spawn area: 36%
[00:25:30] [Server thread/INFO]: Preparing spawn area: 36%
[00:25:33] [Server thread/INFO]: Preparing spawn area: 36%
[00:25:34] [Server thread/INFO]: Preparing spawn area: 37%
[00:25:35] [Server thread/INFO]: Preparing spawn area: 37%
[00:25:38] [Server thread/INFO]: Preparing spawn area: 38%
[00:25:39] [Server thread/INFO]: Preparing spawn area: 38%
[00:25:41] [Server thread/INFO]: Preparing spawn area: 39%
[00:25:42] [Server thread/INFO]: Preparing spawn area: 39%
[00:25:43] [Server thread/INFO]: Preparing spawn area: 40%
[00:25:45] [Server thread/INFO]: Preparing spawn area: 40%
[00:25:52] [Server thread/INFO]: Preparing spawn area: 40%
[00:26:02] [Server thread/INFO]: Preparing spawn area: 41%
[00:26:07] [Server thread/INFO]: Preparing spawn area: 41%
[00:26:13] [Server thread/ERROR]: Encountered an unexpected exception
net.minecraft.util.ReportedException: Exception generating new chunk
	at net.minecraft.world.gen.ChunkProviderServer.func_186025_d(ChunkProviderServer.java:153) ~[lv.class:?]
	at net.minecraft.server.MinecraftServer.prepareSpawnArea(MinecraftServer.java:3558) ~[MinecraftServer.class:?]
	at org.spongepowered.common.world.WorldManager.createWorldFromProperties(WorldManager.java:806) ~[WorldManager.class:1.11.2-2282-7.0.0-BETA-2376]
	at org.spongepowered.common.world.WorldManager.loadAllWorlds(WorldManager.java:752) ~[WorldManager.class:1.11.2-2282-7.0.0-BETA-2376]
	at net.minecraft.server.MinecraftServer.func_71247_a(MinecraftServer.java:3506) ~[MinecraftServer.class:?]
	at net.minecraft.server.dedicated.DedicatedServer.func_71197_b(DedicatedServer.java:267) ~[lh.class:?]
	at net.minecraft.server.MinecraftServer.run(MinecraftServer.java:442) [MinecraftServer.class:?]
	at java.lang.Thread.run(Thread.java:748) [?:1.8.0_131]
Caused by: java.lang.OutOfMemoryError: Java heap space
	at net.minecraft.world.chunk.ChunkPrimer.<init>(SourceFile:13) ~[avp.class:?]
	at org.spongepowered.common.util.gen.ChunkBufferPrimer.<init>(ChunkBufferPrimer.java:47) ~[ChunkBufferPrimer.class:1.11.2-2282-7.0.0-BETA-2376]
	at net.minecraft.world.gen.MapGenBase.populate(SourceFile:548) ~[avu.class:?]
	at org.spongepowered.common.world.gen.SpongeChunkGenerator.func_185932_a(SpongeChunkGenerator.java:255) ~[SpongeChunkGenerator.class:1.11.2-2282-7.0.0-BETA-2376]
	at net.minecraft.world.gen.ChunkProviderServer.func_186025_d(ChunkProviderServer.java:144) ~[lv.class:?]
	... 7 more
[00:26:37] [Server thread/ERROR]: This crash report has been saved to: C:\Users\john\Desktop\BlockMonitor-2\BlockMonitorAPI\run\forge\.\crash-reports\crash-2017-10-14_00.26.37-server.txt
[00:26:39] [Server thread/INFO]: Stopping server
[00:26:40] [Server thread/INFO]: Saving players
[00:26:40] [Server thread/INFO]: Saving worlds
[00:26:50] [Server Shutdown Thread/INFO]: Stopping server
[00:26:50] [Server Shutdown Thread/INFO]: Saving players
[00:26:50] [Server Shutdown Thread/INFO]: Saving worlds
