Installing server to current directory
MESSAGE: Data kindly mirrored by Forge at http://MinecraftForge.net/
MESSAGE: Considering minecraft server jar
MESSAGE: Downloading minecraft server version 1.11.2
  ETag: e576e5eb43cd176158917585200cb37d
  MD5:  e576e5eb43cd176158917585200cb37d
MESSAGE: Considering library net.minecraftforge:forge:1.11.2-13.20.0.2282: Not Downloading {Wrong Side}
MESSAGE: Considering library net.minecraft:launchwrapper:1.12
MESSAGE: Downloading library net.minecraft:launchwrapper:1.12
MESSAGE: Trying unpacked library net.minecraft:launchwrapper:1.12
MESSAGE: Considering library org.ow2.asm:asm-all:5.0.3
MESSAGE: Downloading library org.ow2.asm:asm-all:5.0.3
MESSAGE: Trying unpacked library org.ow2.asm:asm-all:5.0.3
MESSAGE: Considering library jline:jline:2.13
MESSAGE: Downloading library jline:jline:2.13
MESSAGE: Trying unpacked library jline:jline:2.13
MESSAGE: Considering library com.typesafe.akka:akka-actor_2.11:2.3.3
MESSAGE: Downloading library com.typesafe.akka:akka-actor_2.11:2.3.3
MESSAGE: Unpacking packed file akka-actor_2.11-2.3.3.jar.pack.xz
  Signed
  Checksum Length: 140942
  Total Length:    2606968
  Temp File:       C:\Users\john\AppData\Local\Temp\art8345759964211867598.pack
MESSAGE: Successfully unpacked packed file akka-actor_2.11-2.3.3.jar.pack.xz
Checking "C:\Users\john\Desktop\BlockMonitor-2\BlockMonitorAPI\run\forge\.\libraries\com\typesafe\akka\akka-actor_2.11\2.3.3\akka-actor_2.11-2.3.3.jar" internal checksums
    checksums.sha1 validated successfully
    Jar contents validated successfully
MESSAGE: Considering library com.typesafe:config:1.2.1
MESSAGE: Downloading library com.typesafe:config:1.2.1
MESSAGE: Unpacking packed file config-1.2.1.jar.pack.xz
  Signed
  Checksum Length: 12246
  Total Length:    111476
  Temp File:       C:\Users\john\AppData\Local\Temp\art2524739217229018091.pack
MESSAGE: Successfully unpacked packed file config-1.2.1.jar.pack.xz
Checking "C:\Users\john\Desktop\BlockMonitor-2\BlockMonitorAPI\run\forge\.\libraries\com\typesafe\config\1.2.1\config-1.2.1.jar" internal checksums
    checksums.sha1 validated successfully
    Jar contents validated successfully
MESSAGE: Considering library org.scala-lang:scala-actors-migration_2.11:1.1.0
MESSAGE: Downloading library org.scala-lang:scala-actors-migration_2.11:1.1.0
MESSAGE: Unpacking packed file scala-actors-migration_2.11-1.1.0.jar.pack.xz
  Signed
  Checksum Length: 3311
  Total Length:    52481
  Temp File:       C:\Users\john\AppData\Local\Temp\art8308894936989870016.pack
MESSAGE: Successfully unpacked packed file scala-actors-migration_2.11-1.1.0.jar.pack.xz
Checking "C:\Users\john\Desktop\BlockMonitor-2\BlockMonitorAPI\run\forge\.\libraries\org\scala-lang\scala-actors-migration_2.11\1.1.0\scala-actors-migration_2.11-1.1.0.jar" internal checksums
    checksums.sha1 validated successfully
    Jar contents validated successfully
MESSAGE: Considering library org.scala-lang:scala-compiler:2.11.1
MESSAGE: Downloading library org.scala-lang:scala-compiler:2.11.1
MESSAGE: Unpacking packed file scala-compiler-2.11.1.jar.pack.xz
  Signed
  Checksum Length: 942120
  Total Length:    9183051
  Temp File:       C:\Users\john\AppData\Local\Temp\art1412232371981934871.pack
MESSAGE: Successfully unpacked packed file scala-compiler-2.11.1.jar.pack.xz
Checking "C:\Users\john\Desktop\BlockMonitor-2\BlockMonitorAPI\run\forge\.\libraries\org\scala-lang\scala-compiler\2.11.1\scala-compiler-2.11.1.jar" internal checksums
    checksums.sha1 validated successfully
    Jar contents validated successfully
MESSAGE: Considering library org.scala-lang.plugins:scala-continuations-library_2.11:1.0.2
MESSAGE: Downloading library org.scala-lang.plugins:scala-continuations-library_2.11:1.0.2
MESSAGE: Unpacking packed file scala-continuations-library_2.11-1.0.2.jar.pack.xz
  Signed
  Checksum Length: 2416
  Total Length:    18871
  Temp File:       C:\Users\john\AppData\Local\Temp\art642320619455144331.pack
MESSAGE: Successfully unpacked packed file scala-continuations-library_2.11-1.0.2.jar.pack.xz
Checking "C:\Users\john\Desktop\BlockMonitor-2\BlockMonitorAPI\run\forge\.\libraries\org\scala-lang\plugins\scala-continuations-library_2.11\1.0.2\scala-continuations-library_2.11-1.0.2.jar" internal checksums
    checksums.sha1 validated successfully
    Jar contents validated successfully
MESSAGE: Considering library org.scala-lang.plugins:scala-continuations-plugin_2.11.1:1.0.2
MESSAGE: Downloading library org.scala-lang.plugins:scala-continuations-plugin_2.11.1:1.0.2
MESSAGE: Unpacking packed file scala-continuations-plugin_2.11.1-1.0.2.jar.pack.xz
  Signed
  Checksum Length: 16815
  Total Length:    139418
  Temp File:       C:\Users\john\AppData\Local\Temp\art3723270912555543194.pack
MESSAGE: Successfully unpacked packed file scala-continuations-plugin_2.11.1-1.0.2.jar.pack.xz
Checking "C:\Users\john\Desktop\BlockMonitor-2\BlockMonitorAPI\run\forge\.\libraries\org\scala-lang\plugins\scala-continuations-plugin_2.11.1\1.0.2\scala-continuations-plugin_2.11.1-1.0.2.jar" internal checksums
    checksums.sha1 validated successfully
    Jar contents validated successfully
MESSAGE: Considering library org.scala-lang:scala-library:2.11.1
MESSAGE: Downloading library org.scala-lang:scala-library:2.11.1
MESSAGE: Unpacking packed file scala-library-2.11.1.jar.pack.xz
  Signed
  Checksum Length: 341368
  Total Length:    5984083
  Temp File:       C:\Users\john\AppData\Local\Temp\art1668125423609681789.pack
MESSAGE: Successfully unpacked packed file scala-library-2.11.1.jar.pack.xz
Checking "C:\Users\john\Desktop\BlockMonitor-2\BlockMonitorAPI\run\forge\.\libraries\org\scala-lang\scala-library\2.11.1\scala-library-2.11.1.jar" internal checksums
    checksums.sha1 validated successfully
    Jar contents validated successfully
MESSAGE: Considering library org.scala-lang:scala-parser-combinators_2.11:1.0.1
MESSAGE: Downloading library org.scala-lang:scala-parser-combinators_2.11:1.0.1
MESSAGE: Unpacking packed file scala-parser-combinators_2.11-1.0.1.jar.pack.xz
  Signed
  Checksum Length: 37614
  Total Length:    273457
  Temp File:       C:\Users\john\AppData\Local\Temp\art6491658969654768125.pack
MESSAGE: Successfully unpacked packed file scala-parser-combinators_2.11-1.0.1.jar.pack.xz
Checking "C:\Users\john\Desktop\BlockMonitor-2\BlockMonitorAPI\run\forge\.\libraries\org\scala-lang\scala-parser-combinators_2.11\1.0.1\scala-parser-combinators_2.11-1.0.1.jar" internal checksums
    checksums.sha1 validated successfully
    Jar contents validated successfully
MESSAGE: Considering library org.scala-lang:scala-reflect:2.11.1
MESSAGE: Downloading library org.scala-lang:scala-reflect:2.11.1
MESSAGE: Unpacking packed file scala-reflect-2.11.1.jar.pack.xz
  Signed
  Checksum Length: 291610
  Total Length:    3217021
  Temp File:       C:\Users\john\AppData\Local\Temp\art4285619052715680978.pack
MESSAGE: Successfully unpacked packed file scala-reflect-2.11.1.jar.pack.xz
Checking "C:\Users\john\Desktop\BlockMonitor-2\BlockMonitorAPI\run\forge\.\libraries\org\scala-lang\scala-reflect\2.11.1\scala-reflect-2.11.1.jar" internal checksums
    checksums.sha1 validated successfully
    Jar contents validated successfully
MESSAGE: Considering library org.scala-lang:scala-swing_2.11:1.0.1
MESSAGE: Downloading library org.scala-lang:scala-swing_2.11:1.0.1
MESSAGE: Unpacking packed file scala-swing_2.11-1.0.1.jar.pack.xz
  Signed
  Checksum Length: 39019
  Total Length:    888907
  Temp File:       C:\Users\john\AppData\Local\Temp\art7221241998845139110.pack
MESSAGE: Successfully unpacked packed file scala-swing_2.11-1.0.1.jar.pack.xz
Checking "C:\Users\john\Desktop\BlockMonitor-2\BlockMonitorAPI\run\forge\.\libraries\org\scala-lang\scala-swing_2.11\1.0.1\scala-swing_2.11-1.0.1.jar" internal checksums
    checksums.sha1 validated successfully
    Jar contents validated successfully
MESSAGE: Considering library org.scala-lang:scala-xml_2.11:1.0.2
MESSAGE: Downloading library org.scala-lang:scala-xml_2.11:1.0.2
MESSAGE: Unpacking packed file scala-xml_2.11-1.0.2.jar.pack.xz
  Signed
  Checksum Length: 35380
  Total Length:    739509
  Temp File:       C:\Users\john\AppData\Local\Temp\art4566597263968492617.pack
MESSAGE: Successfully unpacked packed file scala-xml_2.11-1.0.2.jar.pack.xz
Checking "C:\Users\john\Desktop\BlockMonitor-2\BlockMonitorAPI\run\forge\.\libraries\org\scala-lang\scala-xml_2.11\1.0.2\scala-xml_2.11-1.0.2.jar" internal checksums
    checksums.sha1 validated successfully
    Jar contents validated successfully
MESSAGE: Considering library lzma:lzma:0.0.1
MESSAGE: Downloading library lzma:lzma:0.0.1
MESSAGE: Trying unpacked library lzma:lzma:0.0.1
MESSAGE: Considering library net.sf.jopt-simple:jopt-simple:4.6
MESSAGE: Downloading library net.sf.jopt-simple:jopt-simple:4.6
MESSAGE: Trying unpacked library net.sf.jopt-simple:jopt-simple:4.6
MESSAGE: Considering library java3d:vecmath:1.5.2
MESSAGE: Downloading library java3d:vecmath:1.5.2
MESSAGE: Trying unpacked library java3d:vecmath:1.5.2
MESSAGE: Considering library net.sf.trove4j:trove4j:3.0.3
MESSAGE: Downloading library net.sf.trove4j:trove4j:3.0.3
MESSAGE: Trying unpacked library net.sf.trove4j:trove4j:3.0.3
MESSAGE: Considering library net.minecraftforge:MercuriusUpdater:1.11.2
MESSAGE: Downloading library net.minecraftforge:MercuriusUpdater:1.11.2
MESSAGE: Trying unpacked library net.minecraftforge:MercuriusUpdater:1.11.2
Saving optional modlist to: .\mods\mod_list.json
The server installed successfully, you should now be able to run the file forge-1.11.2-13.20.0.2282-universal.jar
You can delete this installer file now if you wish
